<?xml version="1.0" encoding="UTF-8"?>
<!-- Generated by org.testng.reporters.JUnitXMLReporter -->
<testsuite ignored="0" hostname="SLAMSLAP" failures="0" tests="4" name="Test" time="15.704" errors="0" timestamp="2025-08-08T23:57:39 IST">
  <testcase classname="testCases.LoginTest" name="testLoginButtonDisabledWhenFieldsEmpty" time="0.713"/>
  <testcase classname="testCases.LoginTest" name="testPasswordMaskedButton" time="0.248"/>
  <testcase classname="testCases.LoginTest" name="testInvalidLoginShowErrorMsg" time="0.262"/>
  <testcase classname="testCases.LoginTest" name="testPageElementsPresence" time="0.126"/>
</testsuite> <!-- Test -->
